2025-07-30 19:07:41,094 | performance | INFO | logging_config.py:153 | log_performance() | ⏱️ batch_daily_data | Duration: 0.488s | Details: {'ticker': 'SONN', 'start_date': '2024-07-30', 'end_date': '2025-01-30', 'data_points': 127}
2025-07-30 19:08:14,147 | performance | INFO | logging_config.py:153 | log_performance() | ⏱️ batch_daily_data | Duration: 0.324s | Details: {'ticker': 'AAPL', 'start_date': '2024-07-30', 'end_date': '2025-07-30', 'data_points': 251}
2025-07-30 19:08:14,158 | performance | INFO | logging_config.py:153 | log_performance() | ⏱️ historical_gap_up_data | Duration: 0.342s | Details: {'ticker': 'AAPL', 'days': 365, 'use_cache': True, 'total_days': 251, 'gap_up_days': 0}
2025-07-30 19:17:36,115 | performance | INFO | logging_config.py:154 | log_performance() | ⏱️ batch_daily_data | Duration: 0.388s | Details: {'ticker': 'FTFT', 'start_date': '2024-07-30', 'end_date': '2025-07-30', 'data_points': 251}
2025-07-30 19:17:36,941 | performance | INFO | logging_config.py:154 | log_performance() | ⏱️ historical_gap_up_data | Duration: 1.248s | Details: {'ticker': 'FTFT', 'days': 365, 'use_cache': True, 'total_days': 251, 'gap_up_days': 2}
2025-07-30 19:23:37,766 | performance | INFO | logging_config.py:154 | log_performance() | ⏱️ batch_daily_data | Duration: 0.335s | Details: {'ticker': 'FTFT', 'start_date': '2025-03-01', 'end_date': '2025-03-05', 'data_points': 3}
2025-07-30 19:23:44,371 | performance | INFO | logging_config.py:154 | log_performance() | ⏱️ batch_daily_data | Duration: 0.330s | Details: {'ticker': 'FTFT', 'start_date': '2025-03-01', 'end_date': '2025-03-05', 'data_points': 3}
2025-07-30 19:23:52,073 | performance | INFO | logging_config.py:154 | log_performance() | ⏱️ batch_daily_data | Duration: 0.375s | Details: {'ticker': 'FTFT', 'start_date': '2025-07-09', 'end_date': '2025-07-12', 'data_points': 3}
2025-07-30 19:25:27,751 | performance | INFO | logging_config.py:154 | log_performance() | ⏱️ batch_daily_data | Duration: 0.348s | Details: {'ticker': 'FTFT', 'start_date': '2024-07-30', 'end_date': '2025-07-30', 'data_points': 251}
2025-07-30 19:25:30,546 | performance | INFO | logging_config.py:154 | log_performance() | ⏱️ historical_gap_up_data | Duration: 3.160s | Details: {'ticker': 'FTFT', 'days': 365, 'use_cache': True, 'total_days': 251, 'gap_up_days': 2}
2025-07-30 19:25:52,807 | performance | INFO | logging_config.py:154 | log_performance() | ⏱️ batch_daily_data | Duration: 0.255s | Details: {'ticker': 'FTFT', 'start_date': '2025-03-01', 'end_date': '2025-03-05', 'data_points': 3}
2025-07-30 19:25:53,086 | performance | INFO | logging_config.py:154 | log_performance() | ⏱️ batch_daily_data | Duration: 0.272s | Details: {'ticker': 'FTFT', 'start_date': '2025-07-09', 'end_date': '2025-07-12', 'data_points': 3}
2025-07-30 19:26:44,054 | performance | INFO | logging_config.py:154 | log_performance() | ⏱️ batch_daily_data | Duration: 0.397s | Details: {'ticker': 'FTFT', 'start_date': '2024-07-30', 'end_date': '2025-07-30', 'data_points': 251}
2025-07-30 19:26:45,382 | performance | INFO | logging_config.py:154 | log_performance() | ⏱️ historical_gap_up_data | Duration: 1.735s | Details: {'ticker': 'FTFT', 'days': 365, 'use_cache': True, 'total_days': 251, 'gap_up_days': 2}
2025-07-30 19:29:02,140 | performance | INFO | logging_config.py:154 | log_performance() | ⏱️ batch_daily_data | Duration: 0.358s | Details: {'ticker': 'HOLO', 'start_date': '2024-07-30', 'end_date': '2025-07-30', 'data_points': 251}
2025-07-30 19:29:05,925 | performance | INFO | logging_config.py:154 | log_performance() | ⏱️ historical_gap_up_data | Duration: 4.163s | Details: {'ticker': 'HOLO', 'days': 365, 'use_cache': True, 'total_days': 251, 'gap_up_days': 9}
2025-07-30 19:31:27,437 | performance | INFO | logging_config.py:154 | log_performance() | ⏱️ batch_daily_data | Duration: 0.395s | Details: {'ticker': 'HOLO', 'start_date': '2024-07-30', 'end_date': '2025-07-30', 'data_points': 251}
2025-07-30 19:31:31,486 | performance | INFO | logging_config.py:154 | log_performance() | ⏱️ historical_gap_up_data | Duration: 4.453s | Details: {'ticker': 'HOLO', 'days': 365, 'use_cache': True, 'total_days': 251, 'gap_up_days': 9}
2025-07-30 19:44:42,148 | performance | INFO | logging_config.py:154 | log_performance() | ⏱️ historical_data_real | Duration: 0.112s | Details: {'ticker': 'HOLO', 'days': 365, 'data_points': 9, 'cached': True}
2025-07-30 19:45:51,791 | performance | INFO | logging_config.py:154 | log_performance() | ⏱️ historical_data_real | Duration: 0.003s | Details: {'ticker': 'HOLO', 'days': 1095, 'data_points': 17, 'cached': True}
2025-07-30 19:46:21,206 | performance | INFO | logging_config.py:154 | log_performance() | ⏱️ historical_data_real | Duration: 0.003s | Details: {'ticker': 'HOLO', 'days': 365, 'data_points': 9, 'cached': True}
2025-07-30 19:47:17,274 | performance | INFO | logging_config.py:154 | log_performance() | ⏱️ historical_data_real | Duration: 0.004s | Details: {'ticker': 'HOLO', 'days': 365, 'data_points': 9, 'cached': True}
2025-07-30 19:47:21,545 | performance | INFO | logging_config.py:154 | log_performance() | ⏱️ batch_daily_data | Duration: 0.216s | Details: {'ticker': 'HOLO', 'start_date': '2024-07-30', 'end_date': '2025-07-30', 'data_points': 251}
2025-07-30 19:47:25,315 | performance | INFO | logging_config.py:154 | log_performance() | ⏱️ historical_gap_up_data | Duration: 3.987s | Details: {'ticker': 'HOLO', 'days': 365, 'use_cache': True, 'total_days': 251, 'gap_up_days': 9}
2025-07-30 19:47:25,316 | performance | INFO | logging_config.py:154 | log_performance() | ⏱️ historical_data_real | Duration: 3.989s | Details: {'ticker': 'HOLO', 'days': 365, 'data_points': 9, 'cached': True}
2025-07-30 19:48:10,222 | performance | INFO | logging_config.py:154 | log_performance() | ⏱️ historical_data_real | Duration: 0.007s | Details: {'ticker': 'HOLO', 'days': 365, 'data_points': 9, 'cached': True}
2025-07-30 19:48:23,693 | performance | INFO | logging_config.py:154 | log_performance() | ⏱️ historical_data_real | Duration: 0.010s | Details: {'ticker': 'HOLO', 'days': 365, 'data_points': 9, 'cached': True}
2025-07-30 19:50:10,745 | performance | INFO | logging_config.py:154 | log_performance() | ⏱️ historical_data_real | Duration: 0.004s | Details: {'ticker': 'HOLO', 'days': 365, 'data_points': 9, 'cached': True}
2025-07-30 19:51:04,705 | performance | INFO | logging_config.py:154 | log_performance() | ⏱️ historical_data_real | Duration: 0.005s | Details: {'ticker': 'HOLO', 'days': 365, 'data_points': 9, 'cached': True}
2025-07-30 19:52:56,528 | performance | INFO | logging_config.py:154 | log_performance() | ⏱️ batch_daily_data | Duration: 0.374s | Details: {'ticker': 'HOLO', 'start_date': '2024-07-30', 'end_date': '2025-07-30', 'data_points': 251}
2025-07-30 19:53:02,081 | performance | INFO | logging_config.py:154 | log_performance() | ⏱️ historical_gap_up_data | Duration: 5.935s | Details: {'ticker': 'HOLO', 'days': 365, 'use_cache': True, 'total_days': 251, 'gap_up_days': 9}
2025-07-30 19:53:12,256 | performance | INFO | logging_config.py:154 | log_performance() | ⏱️ historical_data_real | Duration: 0.017s | Details: {'ticker': 'HOLO', 'days': 365, 'data_points': 9, 'cached': True}
2025-07-30 19:53:28,831 | performance | INFO | logging_config.py:154 | log_performance() | ⏱️ historical_data_real | Duration: 0.006s | Details: {'ticker': 'HOLO', 'days': 365, 'data_points': 9, 'cached': True}
2025-07-30 19:53:58,090 | performance | INFO | logging_config.py:154 | log_performance() | ⏱️ batch_daily_data | Duration: 0.206s | Details: {'ticker': 'BMGL', 'start_date': '2024-07-30', 'end_date': '2025-07-30', 'data_points': 108}
2025-07-30 19:53:59,079 | performance | INFO | logging_config.py:154 | log_performance() | ⏱️ historical_gap_up_data | Duration: 1.198s | Details: {'ticker': 'BMGL', 'days': 365, 'use_cache': True, 'total_days': 108, 'gap_up_days': 2}
2025-07-30 19:53:59,080 | performance | INFO | logging_config.py:154 | log_performance() | ⏱️ historical_data_real | Duration: 1.200s | Details: {'ticker': 'BMGL', 'days': 365, 'data_points': 2, 'cached': True}
2025-07-30 19:54:30,022 | performance | INFO | logging_config.py:154 | log_performance() | ⏱️ historical_data_real | Duration: 0.253s | Details: {'ticker': 'BMGL', 'days': 1095, 'data_points': 2, 'cached': True}
2025-07-30 19:56:18,546 | performance | INFO | logging_config.py:154 | log_performance() | ⏱️ batch_daily_data | Duration: 0.442s | Details: {'ticker': 'HOLO', 'start_date': '2024-07-30', 'end_date': '2025-07-30', 'data_points': 251}
2025-07-30 19:56:23,970 | performance | INFO | logging_config.py:154 | log_performance() | ⏱️ historical_gap_up_data | Duration: 5.882s | Details: {'ticker': 'HOLO', 'days': 365, 'use_cache': True, 'total_days': 251, 'gap_up_days': 9}
2025-07-30 19:56:32,610 | performance | INFO | logging_config.py:154 | log_performance() | ⏱️ historical_data_real | Duration: 0.022s | Details: {'ticker': 'HOLO', 'days': 365, 'data_points': 9, 'cached': True}
2025-07-30 19:58:11,219 | performance | INFO | logging_config.py:154 | log_performance() | ⏱️ batch_daily_data | Duration: 0.247s | Details: {'ticker': 'BTCM', 'start_date': '2024-07-30', 'end_date': '2025-07-30', 'data_points': 251}
2025-07-30 19:58:11,871 | performance | INFO | logging_config.py:154 | log_performance() | ⏱️ historical_gap_up_data | Duration: 0.903s | Details: {'ticker': 'BTCM', 'days': 365, 'use_cache': True, 'total_days': 251, 'gap_up_days': 1}
2025-07-30 19:58:11,873 | performance | INFO | logging_config.py:154 | log_performance() | ⏱️ historical_data_real | Duration: 0.905s | Details: {'ticker': 'BTCM', 'days': 365, 'data_points': 1, 'cached': True}
2025-07-30 20:00:21,133 | performance | INFO | logging_config.py:154 | log_performance() | ⏱️ historical_data_real | Duration: 0.005s | Details: {'ticker': 'HOLO', 'days': 365, 'data_points': 9, 'cached': True}
2025-07-30 20:00:27,134 | performance | INFO | logging_config.py:154 | log_performance() | ⏱️ historical_data_real | Duration: 0.004s | Details: {'ticker': 'EVOK', 'days': 365, 'data_points': 3, 'cached': True}
2025-07-30 20:03:07,644 | performance | INFO | logging_config.py:154 | log_performance() | ⏱️ batch_daily_data | Duration: 0.359s | Details: {'ticker': 'CYN', 'start_date': '2024-07-30', 'end_date': '2025-07-30', 'data_points': 251}
2025-07-30 20:03:13,721 | performance | INFO | logging_config.py:154 | log_performance() | ⏱️ historical_gap_up_data | Duration: 6.443s | Details: {'ticker': 'CYN', 'days': 365, 'use_cache': True, 'total_days': 251, 'gap_up_days': 8}
2025-07-30 20:03:13,724 | performance | INFO | logging_config.py:154 | log_performance() | ⏱️ historical_data_real | Duration: 6.447s | Details: {'ticker': 'CYN', 'days': 365, 'data_points': 8, 'cached': True}
2025-07-30 20:03:21,003 | performance | INFO | logging_config.py:154 | log_performance() | ⏱️ batch_daily_data | Duration: 0.374s | Details: {'ticker': 'CYN', 'start_date': '2022-07-31', 'end_date': '2024-07-29', 'data_points': 501}
2025-07-30 20:03:25,745 | performance | INFO | logging_config.py:154 | log_performance() | ⏱️ historical_data_real | Duration: 5.125s | Details: {'ticker': 'CYN', 'days': 1095, 'data_points': 16, 'cached': True}
