2025-07-30 19:01:23,566 | performance | INFO | logging_config.py:153 | log_performance() | ⏱️ historical_data_real | Duration: 0.010s | Details: {'ticker': 'KAPA', 'days': 365, 'data_points': 2, 'cached': True}
2025-07-30 19:02:04,495 | performance | INFO | logging_config.py:153 | log_performance() | ⏱️ historical_data_real | Duration: 0.009s | Details: {'ticker': 'KAPA', 'days': 1095, 'data_points': 2, 'cached': True}
2025-07-30 19:02:05,809 | performance | INFO | logging_config.py:153 | log_performance() | ⏱️ historical_data_real | Duration: 0.005s | Details: {'ticker': 'KAPA', 'days': 1095, 'data_points': 2, 'cached': True}
2025-07-30 19:02:08,796 | performance | INFO | logging_config.py:153 | log_performance() | ⏱️ historical_data_real | Duration: 0.005s | Details: {'ticker': 'KAPA', 'days': 730, 'data_points': 2, 'cached': True}
2025-07-30 19:02:11,995 | performance | INFO | logging_config.py:153 | log_performance() | ⏱️ historical_data_real | Duration: 0.004s | Details: {'ticker': 'KAPA', 'days': 730, 'data_points': 2, 'cached': True}
2025-07-30 19:02:52,952 | performance | INFO | logging_config.py:153 | log_performance() | ⏱️ batch_daily_data | Duration: 0.233s | Details: {'ticker': 'SONN', 'start_date': '2025-01-31', 'end_date': '2025-07-30', 'data_points': 124}
2025-07-30 19:02:54,108 | performance | INFO | logging_config.py:153 | log_performance() | ⏱️ historical_gap_up_data | Duration: 1.390s | Details: {'ticker': 'SONN', 'days': 180, 'use_cache': True, 'total_days': 124, 'gap_up_days': 3}
2025-07-30 19:02:54,110 | performance | INFO | logging_config.py:153 | log_performance() | ⏱️ historical_data_real | Duration: 1.393s | Details: {'ticker': 'SONN', 'days': 180, 'data_points': 3, 'cached': True}
2025-07-30 19:09:17,410 | performance | INFO | logging_config.py:153 | log_performance() | ⏱️ batch_daily_data | Duration: 0.219s | Details: {'ticker': 'SQFT', 'start_date': '2025-01-31', 'end_date': '2025-07-30', 'data_points': 123}
2025-07-30 19:09:17,813 | performance | INFO | logging_config.py:153 | log_performance() | ⏱️ historical_gap_up_data | Duration: 0.624s | Details: {'ticker': 'SQFT', 'days': 180, 'use_cache': True, 'total_days': 123, 'gap_up_days': 1}
2025-07-30 19:09:17,814 | performance | INFO | logging_config.py:153 | log_performance() | ⏱️ historical_data_real | Duration: 0.626s | Details: {'ticker': 'SQFT', 'days': 180, 'data_points': 1, 'cached': True}
2025-07-30 19:09:48,503 | performance | INFO | logging_config.py:153 | log_performance() | ⏱️ batch_daily_data | Duration: 0.303s | Details: {'ticker': 'SQFT', 'start_date': '2022-07-31', 'end_date': '2025-01-30', 'data_points': 628}
2025-07-30 19:10:01,524 | performance | INFO | logging_config.py:153 | log_performance() | ⏱️ historical_data_real | Duration: 13.341s | Details: {'ticker': 'SQFT', 'days': 1095, 'data_points': 1, 'cached': True}
2025-07-30 19:12:11,431 | performance | INFO | logging_config.py:153 | log_performance() | ⏱️ batch_daily_data | Duration: 0.470s | Details: {'ticker': 'FTFT', 'start_date': '2022-07-31', 'end_date': '2025-07-30', 'data_points': 752}
2025-07-30 19:12:12,409 | performance | INFO | logging_config.py:153 | log_performance() | ⏱️ historical_gap_up_data | Duration: 1.453s | Details: {'ticker': 'FTFT', 'days': 1095, 'use_cache': True, 'total_days': 752, 'gap_up_days': 2}
2025-07-30 19:12:12,411 | performance | INFO | logging_config.py:153 | log_performance() | ⏱️ historical_data_real | Duration: 1.455s | Details: {'ticker': 'FTFT', 'days': 1095, 'data_points': 2, 'cached': True}
2025-07-30 19:27:07,774 | performance | INFO | logging_config.py:154 | log_performance() | ⏱️ batch_daily_data | Duration: 0.345s | Details: {'ticker': 'HOLO', 'start_date': '2023-07-31', 'end_date': '2025-07-30', 'data_points': 502}
2025-07-30 19:27:14,324 | performance | INFO | logging_config.py:154 | log_performance() | ⏱️ historical_gap_up_data | Duration: 6.901s | Details: {'ticker': 'HOLO', 'days': 730, 'use_cache': True, 'total_days': 502, 'gap_up_days': 16}
2025-07-30 19:27:14,326 | performance | INFO | logging_config.py:154 | log_performance() | ⏱️ historical_data_real | Duration: 6.903s | Details: {'ticker': 'HOLO', 'days': 730, 'data_points': 16, 'cached': True}
2025-07-30 19:27:26,869 | performance | INFO | logging_config.py:154 | log_performance() | ⏱️ batch_daily_data | Duration: 0.247s | Details: {'ticker': 'HOLO', 'start_date': '2022-07-31', 'end_date': '2023-07-30', 'data_points': 216}
2025-07-30 19:27:27,349 | performance | INFO | logging_config.py:154 | log_performance() | ⏱️ historical_data_real | Duration: 0.735s | Details: {'ticker': 'HOLO', 'days': 1095, 'data_points': 17, 'cached': True}
2025-07-30 19:29:44,333 | performance | INFO | logging_config.py:154 | log_performance() | ⏱️ historical_data_real | Duration: 0.005s | Details: {'ticker': 'HOLO', 'days': 365, 'data_points': 9, 'cached': True}
2025-07-30 19:29:55,913 | performance | INFO | logging_config.py:154 | log_performance() | ⏱️ historical_data_real | Duration: 0.004s | Details: {'ticker': 'HOLO', 'days': 365, 'data_points': 9, 'cached': True}
2025-07-30 19:30:44,087 | performance | INFO | logging_config.py:154 | log_performance() | ⏱️ historical_data_real | Duration: 0.010s | Details: {'ticker': 'HOLO', 'days': 365, 'data_points': 9, 'cached': True}
2025-07-30 19:31:37,827 | performance | INFO | logging_config.py:154 | log_performance() | ⏱️ historical_data_real | Duration: 0.004s | Details: {'ticker': 'HOLO', 'days': 365, 'data_points': 9, 'cached': True}
2025-07-30 19:31:39,697 | performance | INFO | logging_config.py:154 | log_performance() | ⏱️ historical_data_real | Duration: 0.005s | Details: {'ticker': 'HOLO', 'days': 365, 'data_points': 9, 'cached': True}
2025-07-30 19:31:40,584 | performance | INFO | logging_config.py:154 | log_performance() | ⏱️ historical_data_real | Duration: 0.009s | Details: {'ticker': 'HOLO', 'days': 365, 'data_points': 9, 'cached': True}
2025-07-30 19:31:43,183 | performance | INFO | logging_config.py:154 | log_performance() | ⏱️ batch_daily_data | Duration: 0.340s | Details: {'ticker': 'HOLO', 'start_date': '2022-07-31', 'end_date': '2024-07-29', 'data_points': 467}
2025-07-30 19:31:46,160 | performance | INFO | logging_config.py:154 | log_performance() | ⏱️ historical_data_real | Duration: 3.329s | Details: {'ticker': 'HOLO', 'days': 1095, 'data_points': 17, 'cached': True}
2025-07-30 19:32:15,627 | performance | INFO | logging_config.py:154 | log_performance() | ⏱️ batch_daily_data | Duration: 0.272s | Details: {'ticker': 'CVM', 'start_date': '2022-07-31', 'end_date': '2025-07-30', 'data_points': 752}
2025-07-30 19:32:16,415 | performance | INFO | logging_config.py:154 | log_performance() | ⏱️ historical_gap_up_data | Duration: 1.064s | Details: {'ticker': 'CVM', 'days': 1095, 'use_cache': True, 'total_days': 752, 'gap_up_days': 2}
2025-07-30 19:32:16,419 | performance | INFO | logging_config.py:154 | log_performance() | ⏱️ historical_data_real | Duration: 1.070s | Details: {'ticker': 'CVM', 'days': 1095, 'data_points': 2, 'cached': True}
2025-07-30 19:33:12,509 | performance | INFO | logging_config.py:154 | log_performance() | ⏱️ batch_daily_data | Duration: 0.297s | Details: {'ticker': 'EVOK', 'start_date': '2022-07-31', 'end_date': '2025-07-30', 'data_points': 752}
2025-07-30 19:33:13,740 | performance | INFO | logging_config.py:154 | log_performance() | ⏱️ historical_gap_up_data | Duration: 1.533s | Details: {'ticker': 'EVOK', 'days': 1095, 'use_cache': True, 'total_days': 752, 'gap_up_days': 3}
2025-07-30 19:33:13,742 | performance | INFO | logging_config.py:154 | log_performance() | ⏱️ historical_data_real | Duration: 1.536s | Details: {'ticker': 'EVOK', 'days': 1095, 'data_points': 3, 'cached': True}
2025-07-30 19:33:59,083 | performance | INFO | logging_config.py:154 | log_performance() | ⏱️ batch_daily_data | Duration: 0.242s | Details: {'ticker': 'EVOK', 'start_date': '2024-07-30', 'end_date': '2025-07-30', 'data_points': 251}
2025-07-30 19:34:00,341 | performance | INFO | logging_config.py:154 | log_performance() | ⏱️ historical_gap_up_data | Duration: 1.503s | Details: {'ticker': 'EVOK', 'days': 365, 'use_cache': True, 'total_days': 251, 'gap_up_days': 3}
2025-07-30 19:34:00,343 | performance | INFO | logging_config.py:154 | log_performance() | ⏱️ historical_data_real | Duration: 1.510s | Details: {'ticker': 'EVOK', 'days': 365, 'data_points': 3, 'cached': True}
2025-07-30 19:34:05,879 | performance | INFO | logging_config.py:154 | log_performance() | ⏱️ batch_daily_data | Duration: 0.374s | Details: {'ticker': 'HOLO', 'start_date': '2024-07-30', 'end_date': '2025-07-30', 'data_points': 251}
2025-07-30 19:34:10,584 | performance | INFO | logging_config.py:154 | log_performance() | ⏱️ historical_gap_up_data | Duration: 5.083s | Details: {'ticker': 'HOLO', 'days': 365, 'use_cache': True, 'total_days': 251, 'gap_up_days': 9}
2025-07-30 19:34:10,586 | performance | INFO | logging_config.py:154 | log_performance() | ⏱️ historical_data_real | Duration: 5.086s | Details: {'ticker': 'HOLO', 'days': 365, 'data_points': 9, 'cached': True}
2025-07-30 19:34:46,546 | performance | INFO | logging_config.py:154 | log_performance() | ⏱️ historical_data_real | Duration: 0.007s | Details: {'ticker': 'HOLO', 'days': 365, 'data_points': 9, 'cached': True}
2025-07-30 19:35:18,837 | performance | INFO | logging_config.py:154 | log_performance() | ⏱️ historical_data_real | Duration: 0.010s | Details: {'ticker': 'HOLO', 'days': 365, 'data_points': 9, 'cached': True}
2025-07-30 19:35:53,845 | performance | INFO | logging_config.py:154 | log_performance() | ⏱️ historical_data_real | Duration: 0.006s | Details: {'ticker': 'HOLO', 'days': 365, 'data_points': 9, 'cached': True}
2025-07-30 19:38:02,164 | performance | INFO | logging_config.py:154 | log_performance() | ⏱️ historical_data_real | Duration: 0.007s | Details: {'ticker': 'HOLO', 'days': 365, 'data_points': 9, 'cached': True}
2025-07-30 19:38:43,221 | performance | INFO | logging_config.py:154 | log_performance() | ⏱️ historical_data_real | Duration: 0.012s | Details: {'ticker': 'HOLO', 'days': 365, 'data_points': 9, 'cached': True}
2025-07-30 19:40:32,833 | performance | INFO | logging_config.py:154 | log_performance() | ⏱️ historical_data_real | Duration: 0.007s | Details: {'ticker': 'HOLO', 'days': 365, 'data_points': 9, 'cached': True}
2025-07-30 19:41:29,191 | performance | INFO | logging_config.py:154 | log_performance() | ⏱️ historical_data_real | Duration: 0.005s | Details: {'ticker': 'HOLO', 'days': 365, 'data_points': 9, 'cached': True}
2025-07-30 19:42:31,639 | performance | INFO | logging_config.py:154 | log_performance() | ⏱️ batch_daily_data | Duration: 0.233s | Details: {'ticker': 'HOLO', 'start_date': '2022-07-31', 'end_date': '2024-07-29', 'data_points': 467}
2025-07-30 19:42:33,840 | performance | INFO | logging_config.py:154 | log_performance() | ⏱️ historical_data_real | Duration: 2.448s | Details: {'ticker': 'HOLO', 'days': 1095, 'data_points': 17, 'cached': True}
2025-07-30 19:44:42,148 | performance | INFO | logging_config.py:154 | log_performance() | ⏱️ historical_data_real | Duration: 0.112s | Details: {'ticker': 'HOLO', 'days': 365, 'data_points': 9, 'cached': True}
2025-07-30 19:45:51,791 | performance | INFO | logging_config.py:154 | log_performance() | ⏱️ historical_data_real | Duration: 0.003s | Details: {'ticker': 'HOLO', 'days': 1095, 'data_points': 17, 'cached': True}
2025-07-30 19:46:21,206 | performance | INFO | logging_config.py:154 | log_performance() | ⏱️ historical_data_real | Duration: 0.003s | Details: {'ticker': 'HOLO', 'days': 365, 'data_points': 9, 'cached': True}
2025-07-30 19:47:17,274 | performance | INFO | logging_config.py:154 | log_performance() | ⏱️ historical_data_real | Duration: 0.004s | Details: {'ticker': 'HOLO', 'days': 365, 'data_points': 9, 'cached': True}
2025-07-30 19:47:21,545 | performance | INFO | logging_config.py:154 | log_performance() | ⏱️ batch_daily_data | Duration: 0.216s | Details: {'ticker': 'HOLO', 'start_date': '2024-07-30', 'end_date': '2025-07-30', 'data_points': 251}
2025-07-30 19:47:25,315 | performance | INFO | logging_config.py:154 | log_performance() | ⏱️ historical_gap_up_data | Duration: 3.987s | Details: {'ticker': 'HOLO', 'days': 365, 'use_cache': True, 'total_days': 251, 'gap_up_days': 9}
2025-07-30 19:47:25,316 | performance | INFO | logging_config.py:154 | log_performance() | ⏱️ historical_data_real | Duration: 3.989s | Details: {'ticker': 'HOLO', 'days': 365, 'data_points': 9, 'cached': True}
2025-07-30 19:48:10,222 | performance | INFO | logging_config.py:154 | log_performance() | ⏱️ historical_data_real | Duration: 0.007s | Details: {'ticker': 'HOLO', 'days': 365, 'data_points': 9, 'cached': True}
2025-07-30 19:48:23,693 | performance | INFO | logging_config.py:154 | log_performance() | ⏱️ historical_data_real | Duration: 0.010s | Details: {'ticker': 'HOLO', 'days': 365, 'data_points': 9, 'cached': True}
2025-07-30 19:50:10,745 | performance | INFO | logging_config.py:154 | log_performance() | ⏱️ historical_data_real | Duration: 0.004s | Details: {'ticker': 'HOLO', 'days': 365, 'data_points': 9, 'cached': True}
2025-07-30 19:51:04,705 | performance | INFO | logging_config.py:154 | log_performance() | ⏱️ historical_data_real | Duration: 0.005s | Details: {'ticker': 'HOLO', 'days': 365, 'data_points': 9, 'cached': True}
2025-07-30 19:53:12,256 | performance | INFO | logging_config.py:154 | log_performance() | ⏱️ historical_data_real | Duration: 0.017s | Details: {'ticker': 'HOLO', 'days': 365, 'data_points': 9, 'cached': True}
2025-07-30 19:53:28,831 | performance | INFO | logging_config.py:154 | log_performance() | ⏱️ historical_data_real | Duration: 0.006s | Details: {'ticker': 'HOLO', 'days': 365, 'data_points': 9, 'cached': True}
2025-07-30 19:53:58,090 | performance | INFO | logging_config.py:154 | log_performance() | ⏱️ batch_daily_data | Duration: 0.206s | Details: {'ticker': 'BMGL', 'start_date': '2024-07-30', 'end_date': '2025-07-30', 'data_points': 108}
2025-07-30 19:53:59,079 | performance | INFO | logging_config.py:154 | log_performance() | ⏱️ historical_gap_up_data | Duration: 1.198s | Details: {'ticker': 'BMGL', 'days': 365, 'use_cache': True, 'total_days': 108, 'gap_up_days': 2}
2025-07-30 19:53:59,080 | performance | INFO | logging_config.py:154 | log_performance() | ⏱️ historical_data_real | Duration: 1.200s | Details: {'ticker': 'BMGL', 'days': 365, 'data_points': 2, 'cached': True}
2025-07-30 19:54:30,022 | performance | INFO | logging_config.py:154 | log_performance() | ⏱️ historical_data_real | Duration: 0.253s | Details: {'ticker': 'BMGL', 'days': 1095, 'data_points': 2, 'cached': True}
2025-07-30 19:56:32,610 | performance | INFO | logging_config.py:154 | log_performance() | ⏱️ historical_data_real | Duration: 0.022s | Details: {'ticker': 'HOLO', 'days': 365, 'data_points': 9, 'cached': True}
2025-07-30 19:58:11,219 | performance | INFO | logging_config.py:154 | log_performance() | ⏱️ batch_daily_data | Duration: 0.247s | Details: {'ticker': 'BTCM', 'start_date': '2024-07-30', 'end_date': '2025-07-30', 'data_points': 251}
2025-07-30 19:58:11,871 | performance | INFO | logging_config.py:154 | log_performance() | ⏱️ historical_gap_up_data | Duration: 0.903s | Details: {'ticker': 'BTCM', 'days': 365, 'use_cache': True, 'total_days': 251, 'gap_up_days': 1}
2025-07-30 19:58:11,873 | performance | INFO | logging_config.py:154 | log_performance() | ⏱️ historical_data_real | Duration: 0.905s | Details: {'ticker': 'BTCM', 'days': 365, 'data_points': 1, 'cached': True}
2025-07-30 20:00:21,133 | performance | INFO | logging_config.py:154 | log_performance() | ⏱️ historical_data_real | Duration: 0.005s | Details: {'ticker': 'HOLO', 'days': 365, 'data_points': 9, 'cached': True}
2025-07-30 20:00:27,134 | performance | INFO | logging_config.py:154 | log_performance() | ⏱️ historical_data_real | Duration: 0.004s | Details: {'ticker': 'EVOK', 'days': 365, 'data_points': 3, 'cached': True}
2025-07-30 20:03:07,644 | performance | INFO | logging_config.py:154 | log_performance() | ⏱️ batch_daily_data | Duration: 0.359s | Details: {'ticker': 'CYN', 'start_date': '2024-07-30', 'end_date': '2025-07-30', 'data_points': 251}
2025-07-30 20:03:13,721 | performance | INFO | logging_config.py:154 | log_performance() | ⏱️ historical_gap_up_data | Duration: 6.443s | Details: {'ticker': 'CYN', 'days': 365, 'use_cache': True, 'total_days': 251, 'gap_up_days': 8}
2025-07-30 20:03:13,724 | performance | INFO | logging_config.py:154 | log_performance() | ⏱️ historical_data_real | Duration: 6.447s | Details: {'ticker': 'CYN', 'days': 365, 'data_points': 8, 'cached': True}
2025-07-30 20:03:21,003 | performance | INFO | logging_config.py:154 | log_performance() | ⏱️ batch_daily_data | Duration: 0.374s | Details: {'ticker': 'CYN', 'start_date': '2022-07-31', 'end_date': '2024-07-29', 'data_points': 501}
2025-07-30 20:03:25,745 | performance | INFO | logging_config.py:154 | log_performance() | ⏱️ historical_data_real | Duration: 5.125s | Details: {'ticker': 'CYN', 'days': 1095, 'data_points': 16, 'cached': True}
